C:\dpb_wproject\_MNIL\_DEV\msmeter_dev\Release\cl.command.1.tlog
C:\dpb_wproject\_MNIL\_DEV\msmeter_dev\Release\CL.read.1.tlog
C:\dpb_wproject\_MNIL\_DEV\msmeter_dev\Release\CL.write.1.tlog
C:\DPB_WPROJECT\_MNIL\_DEV\MSMETER_DEV\RELEASE\FILEACCESS.OBJ
C:\dpb_wproject\_MNIL\_DEV\msmeter_dev\Release\link.command.1.tlog
C:\dpb_wproject\_MNIL\_DEV\msmeter_dev\Release\link.read.1.tlog
C:\dpb_wproject\_MNIL\_DEV\msmeter_dev\Release\link.write.1.tlog
C:\dpb_wproject\_MNIL\_DEV\msmeter_dev\Release\link-cvtres.read.1.tlog
C:\dpb_wproject\_MNIL\_DEV\msmeter_dev\Release\link-cvtres.write.1.tlog
C:\dpb_wproject\_MNIL\_DEV\msmeter_dev\Release\meter.exe.embed.manifest
C:\DPB_WPROJECT\_MNIL\_DEV\MSMETER_DEV\RELEASE\METER.EXE.EMBED.MANIFEST.RES
C:\dpb_wproject\_MNIL\_DEV\msmeter_dev\Release\meter.exe.intermediate.manifest
C:\DPB_WPROJECT\_MNIL\_DEV\MSMETER_DEV\RELEASE\METER.OBJ
C:\dpb_wproject\_MNIL\_DEV\msmeter_dev\Release\meter.pdb
C:\dpb_wproject\_MNIL\_DEV\msmeter_dev\Release\meter_manifest.rc
C:\DPB_WPROJECT\_MNIL\_DEV\MSMETER_DEV\RELEASE\NETWORK.OBJ
C:\dpb_wproject\_MNIL\_DEV\msmeter_dev\Release\rc.command.1.tlog
C:\dpb_wproject\_MNIL\_DEV\msmeter_dev\Release\rc.read.1.tlog
C:\dpb_wproject\_MNIL\_DEV\msmeter_dev\Release\rc.write.1.tlog
C:\DPB_WPROJECT\_MNIL\_DEV\MSMETER_DEV\RELEASE\STDAFX.OBJ
C:\DPB_WPROJECT\_MNIL\_DEV\MSMETER_DEV\RELEASE\TIMERS.OBJ
C:\DPB_WPROJECT\_MNIL\_DEV\MSMETER_DEV\RELEASE\VC100.PDB
